{"/home/jacko7557/projects/401/basic-express-server/src/server.js": {"path":"/home/jacko7557/projects/401/basic-express-server/src/server.js","statementMap":{"0":{"start":{"line":2,"column":13},"end":{"line":2,"column":28}},"1":{"start":{"line":3,"column":16},"end":{"line":3,"column":34}},"2":{"start":{"line":5,"column":17},"end":{"line":5,"column":47}},"3":{"start":{"line":6,"column":15},"end":{"line":6,"column":45}},"4":{"start":{"line":7,"column":12},"end":{"line":7,"column":21}},"5":{"start":{"line":8,"column":0},"end":{"line":8,"column":16}},"6":{"start":{"line":9,"column":0},"end":{"line":9,"column":24}},"7":{"start":{"line":11,"column":13},"end":{"line":14,"column":1}},"8":{"start":{"line":16,"column":0},"end":{"line":22,"column":3}},"9":{"start":{"line":17,"column":2},"end":{"line":21,"column":3}},"10":{"start":{"line":18,"column":4},"end":{"line":18,"column":47}},"11":{"start":{"line":20,"column":4},"end":{"line":20,"column":19}},"12":{"start":{"line":24,"column":0},"end":{"line":26,"column":3}},"13":{"start":{"line":25,"column":2},"end":{"line":25,"column":24}},"14":{"start":{"line":28,"column":0},"end":{"line":28,"column":18}},"15":{"start":{"line":30,"column":0},"end":{"line":30,"column":21}}},"fnMap":{"0":{"name":"(anonymous_0)","decl":{"start":{"line":16,"column":13},"end":{"line":16,"column":14}},"loc":{"start":{"line":16,"column":36},"end":{"line":22,"column":1}},"line":16},"1":{"name":"(anonymous_1)","decl":{"start":{"line":24,"column":27},"end":{"line":24,"column":28}},"loc":{"start":{"line":24,"column":50},"end":{"line":26,"column":1}},"line":24}},"branchMap":{},"s":{"0":1,"1":1,"2":1,"3":1,"4":1,"5":1,"6":1,"7":1,"8":1,"9":1,"10":1,"11":0,"12":1,"13":0,"14":1,"15":1},"f":{"0":1,"1":0},"b":{},"_coverageSchema":"1a1c01bbd47fc00a2c39e90264f33305004495a9","hash":"5d205aaf9d1f3ba92e1e3cec32cc07c656e46ab9"}
,"/home/jacko7557/projects/401/basic-express-server/src/errorhandlers/404.js": {"path":"/home/jacko7557/projects/401/basic-express-server/src/errorhandlers/404.js","statementMap":{"0":{"start":{"line":2,"column":2},"end":{"line":2,"column":21}},"1":{"start":{"line":3,"column":2},"end":{"line":3,"column":23}},"2":{"start":{"line":4,"column":2},"end":{"line":4,"column":29}},"3":{"start":{"line":7,"column":0},"end":{"line":7,"column":26}}},"fnMap":{"0":{"name":"notFound","decl":{"start":{"line":1,"column":9},"end":{"line":1,"column":17}},"loc":{"start":{"line":1,"column":50},"end":{"line":5,"column":1}},"line":1}},"branchMap":{},"s":{"0":0,"1":0,"2":0,"3":1},"f":{"0":0},"b":{},"_coverageSchema":"1a1c01bbd47fc00a2c39e90264f33305004495a9","hash":"1a4f4fc70066414c2df934996e1940524d3731d7"}
,"/home/jacko7557/projects/401/basic-express-server/src/middleware/logger.js": {"path":"/home/jacko7557/projects/401/basic-express-server/src/middleware/logger.js","statementMap":{"0":{"start":{"line":1,"column":14},"end":{"line":4,"column":1}},"1":{"start":{"line":2,"column":2},"end":{"line":2,"column":40}},"2":{"start":{"line":3,"column":2},"end":{"line":3,"column":9}},"3":{"start":{"line":6,"column":0},"end":{"line":6,"column":24}}},"fnMap":{"0":{"name":"(anonymous_0)","decl":{"start":{"line":1,"column":14},"end":{"line":1,"column":15}},"loc":{"start":{"line":1,"column":43},"end":{"line":4,"column":1}},"line":1}},"branchMap":{},"s":{"0":1,"1":0,"2":0,"3":1},"f":{"0":0},"b":{},"_coverageSchema":"1a1c01bbd47fc00a2c39e90264f33305004495a9","hash":"d2e1bca470914d33c4b0ab55ba854320a0a15f7a"}
}
