TN:
SF:src/server.js
FN:16,(anonymous_0)
FN:24,(anonymous_1)
FNF:2
FNH:1
FNDA:1,(anonymous_0)
FNDA:0,(anonymous_1)
DA:2,1
DA:3,1
DA:5,1
DA:6,1
DA:7,1
DA:8,1
DA:9,1
DA:11,1
DA:16,1
DA:17,1
DA:18,1
DA:20,0
DA:24,1
DA:25,0
DA:28,1
DA:30,1
LF:16
LH:14
BRF:0
BRH:0
end_of_record
TN:
SF:src/errorhandlers/404.js
FN:1,notFound
FNF:1
FNH:0
FNDA:0,notFound
DA:2,0
DA:3,0
DA:4,0
DA:7,1
LF:4
LH:1
BRF:0
BRH:0
end_of_record
TN:
SF:src/middleware/logger.js
FN:1,(anonymous_0)
FNF:1
FNH:0
FNDA:0,(anonymous_0)
DA:1,1
DA:2,0
DA:3,0
DA:6,1
LF:4
LH:2
BRF:0
BRH:0
end_of_record
